[01m[Kc++:[m[K [01;31m[Kfatal error: [m[KKilled signal terminated program cc1plus
compilation terminated.
gmake[2]: *** [CMakeFiles/publisher_member_function.dir/build.make:76: CMakeFiles/publisher_member_function.dir/member_function.cpp.o] Error 1
gmake[1]: *** [CMakeFiles/Makefile2:173: CMakeFiles/publisher_member_function.dir/all] Error 2
gmake[1]: *** Waiting for unfinished jobs....
[01m[Kc++:[m[K [01;31m[Kfatal error: [m[KKilled signal terminated program cc1plus
compilation terminated.
gmake[2]: *** [CMakeFiles/publisher_member_function_with_type_adapter.dir/build.make:76: CMakeFiles/publisher_member_function_with_type_adapter.dir/member_function_with_type_adapter.cpp.o] Error 1
gmake[1]: *** [CMakeFiles/Makefile2:199: CMakeFiles/publisher_member_function_with_type_adapter.dir/all] Error 2
[01m[Kc++:[m[K [01;31m[Kfatal error: [m[KKilled signal terminated program cc1plus
compilation terminated.
gmake[2]: *** [CMakeFiles/publisher_wait_for_all_acked.dir/build.make:76: CMakeFiles/publisher_wait_for_all_acked.dir/member_function_with_wait_for_all_acked.cpp.o] Error 1
gmake[1]: *** [CMakeFiles/Makefile2:251: CMakeFiles/publisher_wait_for_all_acked.dir/all] Error 2
gmake: *** [Makefile:146: all] Error 2
