[0.077s] Invoking command in '/home/tianshu/ROS2Introduction/colcon_test_ws/build/examples_rclcpp_minimal_publisher': CMAKE_PREFIX_PATH=/opt/ros/humble CONDA_PROMPT_MODIFIER=(base) /usr/bin/cmake /home/tianshu/ROS2Introduction/colcon_test_ws/src/examples/rclcpp/topics/minimal_publisher -DCMAKE_INSTALL_PREFIX=/home/tianshu/ROS2Introduction/colcon_test_ws/install/examples_rclcpp_minimal_publisher
[2.492s] -- The C compiler identification is GNU 11.3.0
[2.492s] -- The CXX compiler identification is GNU 11.3.0
[2.492s] -- Detecting C compiler ABI info
[2.492s] -- Detecting C compiler ABI info - done
[2.492s] -- Check for working C compiler: /usr/bin/cc - skipped
[2.492s] -- Detecting C compile features
[2.492s] -- Detecting C compile features - done
[2.492s] -- Detecting CXX compiler ABI info
[2.492s] -- Detecting CXX compiler ABI info - done
[2.492s] -- Check for working CXX compiler: /usr/bin/c++ - skipped
[2.492s] -- Detecting CXX compile features
[2.492s] -- Detecting CXX compile features - done
[2.492s] -- Found ament_cmake: 1.3.4 (/opt/ros/humble/share/ament_cmake/cmake)
[2.492s] -- Found Python3: /usr/bin/python3.10 (found version "3.10.6") found components: Interpreter 
[2.492s] -- Found rclcpp: 16.0.4 (/opt/ros/humble/share/rclcpp/cmake)
[2.492s] -- Found rosidl_generator_c: 3.1.4 (/opt/ros/humble/share/rosidl_generator_c/cmake)
[2.493s] -- Found rosidl_adapter: 3.1.4 (/opt/ros/humble/share/rosidl_adapter/cmake)
[2.498s] -- Found rosidl_generator_cpp: 3.1.4 (/opt/ros/humble/share/rosidl_generator_cpp/cmake)
[2.505s] -- Using all available rosidl_typesupport_c: rosidl_typesupport_fastrtps_c;rosidl_typesupport_introspection_c
[2.540s] -- Using all available rosidl_typesupport_cpp: rosidl_typesupport_fastrtps_cpp;rosidl_typesupport_introspection_cpp
[2.652s] -- Found rmw_implementation_cmake: 6.1.1 (/opt/ros/humble/share/rmw_implementation_cmake/cmake)
[2.656s] -- Found rmw_fastrtps_cpp: 6.2.2 (/opt/ros/humble/share/rmw_fastrtps_cpp/cmake)
[4.104s] -- Found OpenSSL: /usr/lib/x86_64-linux-gnu/libcrypto.so (found version "3.0.2")  
[5.359s] -- Found FastRTPS: /opt/ros/humble/include  
[7.342s] -- Using RMW implementation 'rmw_fastrtps_cpp' as default
[7.357s] -- Looking for pthread.h
[7.609s] -- Looking for pthread.h - found
[7.610s] -- Performing Test CMAKE_HAVE_LIBC_PTHREAD
[7.899s] -- Performing Test CMAKE_HAVE_LIBC_PTHREAD - Success
[7.900s] -- Found Threads: TRUE  
[8.118s] -- Found ament_lint_auto: 0.12.6 (/opt/ros/humble/share/ament_lint_auto/cmake)
[8.236s] -- Added test 'copyright' to check source files copyright and LICENSE
[8.238s] -- Added test 'cppcheck' to perform static code analysis on C / C++ code
[8.239s] -- Configured cppcheck include dirs: 
[8.239s] -- Configured cppcheck exclude dirs and/or files: 
[8.241s] -- Added test 'cpplint' to check C / C++ code against the Google style
[8.241s] -- Configured cpplint exclude dirs and/or files: 
[8.243s] -- Added test 'lint_cmake' to check CMake code style
[8.244s] -- Added test 'uncrustify' to check C / C++ code style
[8.244s] -- Configured uncrustify additional arguments: 
[8.244s] -- Added test 'xmllint' to check XML markup files
[8.245s] -- Configuring done
[8.303s] -- Generating done
[8.322s] -- Build files have been written to: /home/tianshu/ROS2Introduction/colcon_test_ws/build/examples_rclcpp_minimal_publisher
[8.537s] Invoked command in '/home/tianshu/ROS2Introduction/colcon_test_ws/build/examples_rclcpp_minimal_publisher' returned '0': CMAKE_PREFIX_PATH=/opt/ros/humble CONDA_PROMPT_MODIFIER=(base) /usr/bin/cmake /home/tianshu/ROS2Introduction/colcon_test_ws/src/examples/rclcpp/topics/minimal_publisher -DCMAKE_INSTALL_PREFIX=/home/tianshu/ROS2Introduction/colcon_test_ws/install/examples_rclcpp_minimal_publisher
[8.539s] Invoking command in '/home/tianshu/ROS2Introduction/colcon_test_ws/build/examples_rclcpp_minimal_publisher': CMAKE_PREFIX_PATH=/opt/ros/humble CONDA_PROMPT_MODIFIER=(base) /usr/bin/cmake --build /home/tianshu/ROS2Introduction/colcon_test_ws/build/examples_rclcpp_minimal_publisher -- -j20 -l20
[8.757s] [  8%] [32mBuilding CXX object CMakeFiles/publisher_member_function.dir/member_function.cpp.o[0m
[8.762s] [ 25%] [32mBuilding CXX object CMakeFiles/publisher_wait_for_all_acked.dir/member_function_with_wait_for_all_acked.cpp.o[0m
[8.763s] [ 25%] [32mBuilding CXX object CMakeFiles/publisher_member_function_with_unique_network_flow_endpoints.dir/member_function_with_unique_network_flow_endpoints.cpp.o[0m
[8.763s] [ 33%] [32mBuilding CXX object CMakeFiles/publisher_lambda.dir/lambda.cpp.o[0m
[8.770s] [ 41%] [32mBuilding CXX object CMakeFiles/publisher_member_function_with_type_adapter.dir/member_function_with_type_adapter.cpp.o[0m
[8.770s] [ 50%] [32mBuilding CXX object CMakeFiles/publisher_not_composable.dir/not_composable.cpp.o[0m
[20.631s] [01m[Kc++:[m[K [01;31m[Kfatal error: [m[KKilled signal terminated program cc1plus
[20.664s] compilation terminated.
[20.668s] gmake[2]: *** [CMakeFiles/publisher_member_function.dir/build.make:76: CMakeFiles/publisher_member_function.dir/member_function.cpp.o] Error 1
[20.674s] gmake[1]: *** [CMakeFiles/Makefile2:173: CMakeFiles/publisher_member_function.dir/all] Error 2
[20.675s] gmake[1]: *** Waiting for unfinished jobs....
[23.614s] [01m[Kc++:[m[K [01;31m[Kfatal error: [m[KKilled signal terminated program cc1plus
[23.617s] compilation terminated.
[23.617s] gmake[2]: *** [CMakeFiles/publisher_member_function_with_type_adapter.dir/build.make:76: CMakeFiles/publisher_member_function_with_type_adapter.dir/member_function_with_type_adapter.cpp.o] Error 1
[23.617s] gmake[1]: *** [CMakeFiles/Makefile2:199: CMakeFiles/publisher_member_function_with_type_adapter.dir/all] Error 2
[25.422s] [01m[Kc++:[m[K [01;31m[Kfatal error: [m[KKilled signal terminated program cc1plus
[25.426s] compilation terminated.
[25.426s] gmake[2]: *** [CMakeFiles/publisher_wait_for_all_acked.dir/build.make:76: CMakeFiles/publisher_wait_for_all_acked.dir/member_function_with_wait_for_all_acked.cpp.o] Error 1
[25.426s] gmake[1]: *** [CMakeFiles/Makefile2:251: CMakeFiles/publisher_wait_for_all_acked.dir/all] Error 2
[80.026s] [ 58%] [32m[1mLinking CXX executable publisher_member_function_with_unique_network_flow_endpoints[0m
[80.575s] [ 58%] Built target publisher_member_function_with_unique_network_flow_endpoints
[82.410s] [ 66%] [32m[1mLinking CXX executable publisher_lambda[0m
[82.917s] [ 66%] Built target publisher_lambda
[84.651s] [ 75%] [32m[1mLinking CXX executable publisher_not_composable[0m
[85.134s] [ 75%] Built target publisher_not_composable
[85.145s] gmake: *** [Makefile:146: all] Error 2
