[0.019s] Invoking command in '/home/tianshu/ROS2Introduction/rclcpp_test_ws/build/example_cpp': CMAKE_PREFIX_PATH=${CMAKE_PREFIX_PATH}:/opt/ros/humble CONDA_PROMPT_MODIFIER=(base) WSLENV=ELECTRON_RUN_AS_NODE/w:WT_SESSION::WT_PROFILE_ID /usr/bin/cmake --build /home/tianshu/ROS2Introduction/rclcpp_test_ws/build/example_cpp -- -j20 -l20
[0.072s] [35m[1mConsolidate compiler generated dependencies of target node_02[0m
[0.089s] [ 50%] [32mBuilding CXX object CMakeFiles/node_02.dir/src/node_02.cpp.o[0m
[1.425s] [01m[K/home/tianshu/ROS2Introduction/rclcpp_test_ws/src/example_cpp/src/node_02.cpp:6:22:[m[K [01;31m[Kerror: [m[Kexpected â€˜[01m[K)[m[Kâ€™ before â€˜[01m[Kname[m[Kâ€™
[1.425s]     6 |         Node02[34m[K([m[Kstring[01;31m[K [m[K[32m[Kname[m[K): Node(name) {
[1.425s]       |               [34m[K~[m[K      [01;31m[K^[m[K[32m[K~~~~[m[K
[1.425s]       |                      [32m[K)[m[K
[1.425s] [01m[K/home/tianshu/ROS2Introduction/rclcpp_test_ws/src/example_cpp/src/node_02.cpp:9:2:[m[K [01;31m[Kerror: [m[Kexpected â€˜[01m[K;[m[Kâ€™ after class definition
[1.425s]     9 | }
[1.425s]       |  [01;31m[K^[m[K
[1.425s]       |  [32m[K;[m[K
[1.427s] [01m[K/home/tianshu/ROS2Introduction/rclcpp_test_ws/src/example_cpp/src/node_02.cpp:[m[K In function â€˜[01m[Kint main(int, char**)[m[Kâ€™:
[1.427s] [01m[K/home/tianshu/ROS2Introduction/rclcpp_test_ws/src/example_cpp/src/node_02.cpp:16:34:[m[K [01;31m[Kerror: [m[Kâ€˜[01m[KNode03[m[Kâ€™ was not declared in this scope; did you mean â€˜[01m[KNode02[m[Kâ€™?
[1.427s]    16 |     auto node = std::make_shared<[01;31m[KNode03[m[K>("node_03");
[1.427s]       |                                  [01;31m[K^~~~~~[m[K
[1.427s]       |                                  [32m[KNode02[m[K
[1.430s] [01m[K/home/tianshu/ROS2Introduction/rclcpp_test_ws/src/example_cpp/src/node_02.cpp:16:41:[m[K [01;31m[Kerror: [m[Kno matching function for call to â€˜[01m[Kmake_shared<<expression error> >(const char [8])[m[Kâ€™
[1.430s]    16 |     auto node = [01;31m[Kstd::make_shared<Node03>("node_03")[m[K;
[1.430s]       |                 [01;31m[K~~~~~~~~~~~~~~~~~~~~~~~~^~~~~~~~~~~[m[K
[1.430s] In file included from [01m[K/usr/include/c++/11/memory:77[m[K,
[1.431s]                  from [01m[K/opt/ros/humble/include/rclcpp/rclcpp/rclcpp.hpp:153[m[K,
[1.431s]                  from [01m[K/home/tianshu/ROS2Introduction/rclcpp_test_ws/src/example_cpp/src/node_02.cpp:1[m[K:
[1.431s] [01m[K/usr/include/c++/11/bits/shared_ptr.h:875:5:[m[K [01;36m[Knote: [m[Kcandidate: â€˜[01m[Ktemplate<class _Tp, class ... _Args> std::shared_ptr<_Tp> std::make_shared(_Args&& ...)[m[Kâ€™
[1.431s]   875 |     [01;36m[Kmake_shared[m[K(_Args&&... __args)
[1.431s]       |     [01;36m[K^~~~~~~~~~~[m[K
[1.431s] [01m[K/usr/include/c++/11/bits/shared_ptr.h:875:5:[m[K [01;36m[Knote: [m[K  template argument deduction/substitution failed:
[1.431s] [01m[K/home/tianshu/ROS2Introduction/rclcpp_test_ws/src/example_cpp/src/node_02.cpp:16:41:[m[K [01;31m[Kerror: [m[Ktemplate argument 1 is invalid
[1.431s]    16 |     auto node = [01;31m[Kstd::make_shared<Node03>("node_03")[m[K;
[1.431s]       |                 [01;31m[K~~~~~~~~~~~~~~~~~~~~~~~~^~~~~~~~~~~[m[K
[1.677s] gmake[2]: *** [CMakeFiles/node_02.dir/build.make:76: CMakeFiles/node_02.dir/src/node_02.cpp.o] Error 1
[1.678s] gmake[1]: *** [CMakeFiles/Makefile2:137: CMakeFiles/node_02.dir/all] Error 2
[1.678s] gmake: *** [Makefile:146: all] Error 2
[1.679s] Invoked command in '/home/tianshu/ROS2Introduction/rclcpp_test_ws/build/example_cpp' returned '2': CMAKE_PREFIX_PATH=${CMAKE_PREFIX_PATH}:/opt/ros/humble CONDA_PROMPT_MODIFIER=(base) WSLENV=ELECTRON_RUN_AS_NODE/w:WT_SESSION::WT_PROFILE_ID /usr/bin/cmake --build /home/tianshu/ROS2Introduction/rclcpp_test_ws/build/example_cpp -- -j20 -l20
