[0.017s] Invoking command in '/home/tianshu/ROS2Introduction/rclcpp_test_ws/build/example_cpp': CMAKE_PREFIX_PATH=${CMAKE_PREFIX_PATH}:/opt/ros/humble CONDA_PROMPT_MODIFIER=(base) WSLENV=ELECTRON_RUN_AS_NODE/w:WT_SESSION::WT_PROFILE_ID /usr/bin/cmake --build /home/tianshu/ROS2Introduction/rclcpp_test_ws/build/example_cpp -- -j20 -l20
[0.059s] -- Found ament_cmake: 1.3.4 (/opt/ros/humble/share/ament_cmake/cmake)
[0.222s] -- Found rclcpp: 16.0.4 (/opt/ros/humble/share/rclcpp/cmake)
[0.298s] -- Found rosidl_generator_c: 3.1.4 (/opt/ros/humble/share/rosidl_generator_c/cmake)
[0.300s] -- Found rosidl_adapter: 3.1.4 (/opt/ros/humble/share/rosidl_adapter/cmake)
[0.304s] -- Found rosidl_generator_cpp: 3.1.4 (/opt/ros/humble/share/rosidl_generator_cpp/cmake)
[0.313s] -- Using all available rosidl_typesupport_c: rosidl_typesupport_fastrtps_c;rosidl_typesupport_introspection_c
[0.322s] -- Using all available rosidl_typesupport_cpp: rosidl_typesupport_fastrtps_cpp;rosidl_typesupport_introspection_cpp
[0.357s] -- Found rmw_implementation_cmake: 6.1.1 (/opt/ros/humble/share/rmw_implementation_cmake/cmake)
[0.360s] -- Found rmw_fastrtps_cpp: 6.2.2 (/opt/ros/humble/share/rmw_fastrtps_cpp/cmake)
[2.772s] -- Using RMW implementation 'rmw_fastrtps_cpp' as default
[2.872s] -- Found ament_lint_auto: 0.12.6 (/opt/ros/humble/share/ament_lint_auto/cmake)
[2.921s] -- Added test 'cppcheck' to perform static code analysis on C / C++ code
[2.921s] -- Configured cppcheck include dirs: 
[2.922s] -- Configured cppcheck exclude dirs and/or files: 
[2.922s] -- Added test 'lint_cmake' to check CMake code style
[2.922s] -- Added test 'uncrustify' to check C / C++ code style
[2.922s] -- Configured uncrustify additional arguments: 
[2.922s] -- Added test 'xmllint' to check XML markup files
[2.924s] -- Configuring done
[2.936s] -- Generating done
[2.938s] -- Build files have been written to: /home/tianshu/ROS2Introduction/rclcpp_test_ws/build/example_cpp
[2.980s] [ 50%] [32mBuilding CXX object CMakeFiles/node_02.dir/src/node_02.cpp.o[0m
[4.330s] [01m[K/home/tianshu/ROS2Introduction/rclcpp_test_ws/src/example_cpp/src/node_02.cpp:6:22:[m[K [01;31m[Kerror: [m[Kexpected â€˜[01m[K)[m[Kâ€™ before â€˜[01m[Kname[m[Kâ€™
[4.330s]     6 |         Node02[34m[K([m[Kstring[01;31m[K [m[K[32m[Kname[m[K): Node(name) {
[4.330s]       |               [34m[K~[m[K      [01;31m[K^[m[K[32m[K~~~~[m[K
[4.330s]       |                      [32m[K)[m[K
[4.331s] [01m[K/home/tianshu/ROS2Introduction/rclcpp_test_ws/src/example_cpp/src/node_02.cpp:9:2:[m[K [01;31m[Kerror: [m[Kexpected â€˜[01m[K;[m[Kâ€™ after class definition
[4.331s]     9 | }
[4.331s]       |  [01;31m[K^[m[K
[4.331s]       |  [32m[K;[m[K
[4.575s] gmake[2]: *** [CMakeFiles/node_02.dir/build.make:76: CMakeFiles/node_02.dir/src/node_02.cpp.o] Error 1
[4.575s] gmake[1]: *** [CMakeFiles/Makefile2:137: CMakeFiles/node_02.dir/all] Error 2
[4.576s] gmake: *** [Makefile:146: all] Error 2
[4.577s] Invoked command in '/home/tianshu/ROS2Introduction/rclcpp_test_ws/build/example_cpp' returned '2': CMAKE_PREFIX_PATH=${CMAKE_PREFIX_PATH}:/opt/ros/humble CONDA_PROMPT_MODIFIER=(base) WSLENV=ELECTRON_RUN_AS_NODE/w:WT_SESSION::WT_PROFILE_ID /usr/bin/cmake --build /home/tianshu/ROS2Introduction/rclcpp_test_ws/build/example_cpp -- -j20 -l20
