[0.094s] Invoking command in '/home/tianshu/ROS2Introduction/colcon_test_ws/build/examples_rclcpp_cbg_executor': CMAKE_PREFIX_PATH=/opt/ros/humble CONDA_PROMPT_MODIFIER=(base) /usr/bin/cmake /home/tianshu/ROS2Introduction/colcon_test_ws/src/examples/rclcpp/executors/cbg_executor -DCMAKE_INSTALL_PREFIX=/home/tianshu/ROS2Introduction/colcon_test_ws/install/examples_rclcpp_cbg_executor
[2.496s] -- The C compiler identification is GNU 11.3.0
[2.496s] -- The CXX compiler identification is GNU 11.3.0
[2.496s] -- Detecting C compiler ABI info
[2.497s] -- Detecting C compiler ABI info - done
[2.497s] -- Check for working C compiler: /usr/bin/cc - skipped
[2.497s] -- Detecting C compile features
[2.498s] -- Detecting C compile features - done
[2.498s] -- Detecting CXX compiler ABI info
[2.498s] -- Detecting CXX compiler ABI info - done
[2.499s] -- Check for working CXX compiler: /usr/bin/c++ - skipped
[2.499s] -- Detecting CXX compile features
[2.500s] -- Detecting CXX compile features - done
[2.501s] -- Found ament_cmake: 1.3.4 (/opt/ros/humble/share/ament_cmake/cmake)
[2.501s] -- Found Python3: /usr/bin/python3.10 (found version "3.10.6") found components: Interpreter 
[2.502s] -- Found rclcpp: 16.0.4 (/opt/ros/humble/share/rclcpp/cmake)
[2.503s] -- Found rosidl_generator_c: 3.1.4 (/opt/ros/humble/share/rosidl_generator_c/cmake)
[2.504s] -- Found rosidl_adapter: 3.1.4 (/opt/ros/humble/share/rosidl_adapter/cmake)
[2.522s] -- Found rosidl_generator_cpp: 3.1.4 (/opt/ros/humble/share/rosidl_generator_cpp/cmake)
[2.532s] -- Using all available rosidl_typesupport_c: rosidl_typesupport_fastrtps_c;rosidl_typesupport_introspection_c
[2.566s] -- Using all available rosidl_typesupport_cpp: rosidl_typesupport_fastrtps_cpp;rosidl_typesupport_introspection_cpp
[2.678s] -- Found rmw_implementation_cmake: 6.1.1 (/opt/ros/humble/share/rmw_implementation_cmake/cmake)
[2.682s] -- Found rmw_fastrtps_cpp: 6.2.2 (/opt/ros/humble/share/rmw_fastrtps_cpp/cmake)
[4.132s] -- Found OpenSSL: /usr/lib/x86_64-linux-gnu/libcrypto.so (found version "3.0.2")  
[5.294s] -- Found FastRTPS: /opt/ros/humble/include  
[7.368s] -- Using RMW implementation 'rmw_fastrtps_cpp' as default
[7.384s] -- Looking for pthread.h
[7.700s] -- Looking for pthread.h - found
[7.700s] -- Performing Test CMAKE_HAVE_LIBC_PTHREAD
[7.938s] -- Performing Test CMAKE_HAVE_LIBC_PTHREAD - Success
[7.940s] -- Found Threads: TRUE  
[8.145s] -- Found ament_lint_auto: 0.12.6 (/opt/ros/humble/share/ament_lint_auto/cmake)
[8.262s] -- Added test 'copyright' to check source files copyright and LICENSE
[8.267s] -- Added test 'cppcheck' to perform static code analysis on C / C++ code
[8.268s] -- Configured cppcheck include dirs: /home/tianshu/ROS2Introduction/colcon_test_ws/src/examples/rclcpp/executors/cbg_executor/include
[8.268s] -- Configured cppcheck exclude dirs and/or files: 
[8.268s] -- Added test 'cpplint' to check C / C++ code against the Google style
[8.269s] -- Configured cpplint exclude dirs and/or files: 
[8.269s] -- Added test 'lint_cmake' to check CMake code style
[8.270s] -- Added test 'uncrustify' to check C / C++ code style
[8.271s] -- Configured uncrustify additional arguments: 
[8.271s] -- Added test 'xmllint' to check XML markup files
[8.272s] -- Configuring done
[8.293s] -- Generating done
[8.297s] -- Build files have been written to: /home/tianshu/ROS2Introduction/colcon_test_ws/build/examples_rclcpp_cbg_executor
[8.556s] Invoked command in '/home/tianshu/ROS2Introduction/colcon_test_ws/build/examples_rclcpp_cbg_executor' returned '0': CMAKE_PREFIX_PATH=/opt/ros/humble CONDA_PROMPT_MODIFIER=(base) /usr/bin/cmake /home/tianshu/ROS2Introduction/colcon_test_ws/src/examples/rclcpp/executors/cbg_executor -DCMAKE_INSTALL_PREFIX=/home/tianshu/ROS2Introduction/colcon_test_ws/install/examples_rclcpp_cbg_executor
[8.560s] Invoking command in '/home/tianshu/ROS2Introduction/colcon_test_ws/build/examples_rclcpp_cbg_executor': CMAKE_PREFIX_PATH=/opt/ros/humble CONDA_PROMPT_MODIFIER=(base) /usr/bin/cmake --build /home/tianshu/ROS2Introduction/colcon_test_ws/build/examples_rclcpp_cbg_executor -- -j20 -l20
[8.777s] [ 10%] [32mBuilding CXX object CMakeFiles/pong.dir/src/examples_rclcpp_cbg_executor/pong_node.cpp.o[0m
[8.783s] [ 20%] [32mBuilding CXX object CMakeFiles/pong.dir/src/pong.cpp.o[0m
[8.786s] [ 30%] [32mBuilding CXX object CMakeFiles/ping.dir/src/examples_rclcpp_cbg_executor/ping_node.cpp.o[0m
[8.789s] [ 40%] [32mBuilding CXX object CMakeFiles/ping.dir/src/ping.cpp.o[0m
[8.804s] [ 50%] [32mBuilding CXX object CMakeFiles/ping_pong.dir/src/examples_rclcpp_cbg_executor/ping_node.cpp.o[0m
[8.809s] [ 60%] [32mBuilding CXX object CMakeFiles/ping_pong.dir/src/examples_rclcpp_cbg_executor/pong_node.cpp.o[0m
[8.811s] [ 70%] [32mBuilding CXX object CMakeFiles/ping_pong.dir/src/ping_pong.cpp.o[0m
[21.741s] [01m[Kc++:[m[K [01;31m[Kfatal error: [m[KKilled signal terminated program cc1plus
[21.745s] compilation terminated.
[21.745s] gmake[2]: *** [CMakeFiles/ping_pong.dir/build.make:76: CMakeFiles/ping_pong.dir/src/ping_pong.cpp.o] Error 1
[21.749s] gmake[2]: *** Waiting for unfinished jobs....
[22.470s] [01m[Kc++:[m[K [01;31m[Kfatal error: [m[KKilled signal terminated program cc1plus
[22.471s] compilation terminated.
[22.471s] gmake[2]: *** [CMakeFiles/ping_pong.dir/build.make:104: CMakeFiles/ping_pong.dir/src/examples_rclcpp_cbg_executor/pong_node.cpp.o] Error 1
[25.788s] [01m[Kc++:[m[K [01;31m[Kfatal error: [m[KKilled signal terminated program cc1plus
[25.789s] compilation terminated.
[25.798s] gmake[2]: *** [CMakeFiles/ping.dir/build.make:90: CMakeFiles/ping.dir/src/examples_rclcpp_cbg_executor/ping_node.cpp.o] Error 1
[25.802s] gmake[2]: *** Waiting for unfinished jobs....
[26.616s] [01m[Kc++:[m[K [01;31m[Kfatal error: [m[KKilled signal terminated program cc1plus
[26.618s] compilation terminated.
[26.633s] gmake[2]: *** [CMakeFiles/pong.dir/build.make:76: CMakeFiles/pong.dir/src/pong.cpp.o] Error 1
[26.638s] gmake[2]: *** Waiting for unfinished jobs....
[77.511s] gmake[1]: *** [CMakeFiles/Makefile2:141: CMakeFiles/ping.dir/all] Error 2
[77.512s] gmake[1]: *** Waiting for unfinished jobs....
[91.049s] gmake[1]: *** [CMakeFiles/Makefile2:193: CMakeFiles/ping_pong.dir/all] Error 2
[91.818s] gmake[1]: *** [CMakeFiles/Makefile2:167: CMakeFiles/pong.dir/all] Error 2
[91.826s] gmake: *** [Makefile:146: all] Error 2
