[0.040s] Invoking command in '/home/tianshu/ROS2Introduction/action_intro_ws/build/example_action_rclcpp': AMENT_PREFIX_PATH=/home/tianshu/ROS2Introduction/action_intro_ws/install/robot_control_interface:${AMENT_PREFIX_PATH} CMAKE_PREFIX_PATH=/home/tianshu/ROS2Introduction/action_intro_ws/install/robot_control_interface:/opt/ros/humble CONDA_PROMPT_MODIFIER=(base) LD_LIBRARY_PATH=/home/tianshu/ROS2Introduction/action_intro_ws/install/robot_control_interface/lib:/usr/lib/wsl/lib:/opt/ros/humble/opt/rviz_ogre_vendor/lib:/opt/ros/humble/lib/x86_64-linux-gnu:/opt/ros/humble/lib:/usr/lib/wsl/lib PYTHONPATH=/home/tianshu/ROS2Introduction/action_intro_ws/install/robot_control_interface/local/lib/python3.10/dist-packages:${PYTHONPATH} WSLENV=ELECTRON_RUN_AS_NODE/w:WT_SESSION::WT_PROFILE_ID /usr/bin/cmake /home/tianshu/ROS2Introduction/action_intro_ws/src/example_action_rclcpp -DCMAKE_INSTALL_PREFIX=/home/tianshu/ROS2Introduction/action_intro_ws/install/example_action_rclcpp
[0.117s] -- The C compiler identification is GNU 11.3.0
[0.316s] -- The CXX compiler identification is GNU 11.3.0
[0.516s] -- Detecting C compiler ABI info
[0.621s] -- Detecting C compiler ABI info - done
[0.625s] -- Check for working C compiler: /usr/bin/cc - skipped
[0.625s] -- Detecting C compile features
[0.625s] -- Detecting C compile features - done
[0.627s] -- Detecting CXX compiler ABI info
[0.726s] -- Detecting CXX compiler ABI info - done
[0.730s] -- Check for working CXX compiler: /usr/bin/c++ - skipped
[0.730s] -- Detecting CXX compile features
[0.730s] -- Detecting CXX compile features - done
[0.731s] -- Found ament_cmake: 1.3.4 (/opt/ros/humble/share/ament_cmake/cmake)
[0.866s] -- Found Python3: /usr/bin/python3.10 (found version "3.10.6") found components: Interpreter 
[0.919s] -- Found rclcpp: 16.0.4 (/opt/ros/humble/share/rclcpp/cmake)
[1.020s] -- Found rosidl_generator_c: 3.1.4 (/opt/ros/humble/share/rosidl_generator_c/cmake)
[1.022s] -- Found rosidl_adapter: 3.1.4 (/opt/ros/humble/share/rosidl_adapter/cmake)
[1.027s] -- Found rosidl_generator_cpp: 3.1.4 (/opt/ros/humble/share/rosidl_generator_cpp/cmake)
[1.035s] -- Using all available rosidl_typesupport_c: rosidl_typesupport_fastrtps_c;rosidl_typesupport_introspection_c
[1.047s] -- Using all available rosidl_typesupport_cpp: rosidl_typesupport_fastrtps_cpp;rosidl_typesupport_introspection_cpp
[1.087s] -- Found rmw_implementation_cmake: 6.1.1 (/opt/ros/humble/share/rmw_implementation_cmake/cmake)
[1.088s] -- Found rmw_fastrtps_cpp: 6.2.2 (/opt/ros/humble/share/rmw_fastrtps_cpp/cmake)
[1.808s] -- Found OpenSSL: /usr/lib/x86_64-linux-gnu/libcrypto.so (found version "3.0.2")  
[2.436s] -- Found FastRTPS: /opt/ros/humble/include  
[3.593s] -- Using RMW implementation 'rmw_fastrtps_cpp' as default
[3.599s] -- Looking for pthread.h
[3.723s] -- Looking for pthread.h - found
[3.724s] -- Performing Test CMAKE_HAVE_LIBC_PTHREAD
[3.836s] -- Performing Test CMAKE_HAVE_LIBC_PTHREAD - Success
[3.837s] -- Found Threads: TRUE  
[3.927s] -- Found rclcpp_action: 16.0.4 (/opt/ros/humble/share/rclcpp_action/cmake)
[3.980s] -- Found robot_control_interface: 0.0.0 (/home/tianshu/ROS2Introduction/action_intro_ws/install/robot_control_interface/share/robot_control_interface/cmake)
[4.009s] -- Found example_interfaces: 0.9.3 (/opt/ros/humble/share/example_interfaces/cmake)
[4.043s] -- Found ament_lint_auto: 0.12.6 (/opt/ros/humble/share/ament_lint_auto/cmake)
[4.090s] -- Added test 'cppcheck' to perform static code analysis on C / C++ code
[4.090s] -- Configured cppcheck include dirs: $<BUILD_INTERFACE:/home/tianshu/ROS2Introduction/action_intro_ws/src/example_action_rclcpp/include>
[4.090s] -- Configured cppcheck exclude dirs and/or files: 
[4.090s] -- Added test 'lint_cmake' to check CMake code style
[4.091s] -- Added test 'uncrustify' to check C / C++ code style
[4.091s] -- Configured uncrustify additional arguments: 
[4.091s] -- Added test 'xmllint' to check XML markup files
[4.092s] -- Configuring done
[4.100s] -- Generating done
[4.101s] -- Build files have been written to: /home/tianshu/ROS2Introduction/action_intro_ws/build/example_action_rclcpp
[4.108s] Invoked command in '/home/tianshu/ROS2Introduction/action_intro_ws/build/example_action_rclcpp' returned '0': AMENT_PREFIX_PATH=/home/tianshu/ROS2Introduction/action_intro_ws/install/robot_control_interface:${AMENT_PREFIX_PATH} CMAKE_PREFIX_PATH=/home/tianshu/ROS2Introduction/action_intro_ws/install/robot_control_interface:/opt/ros/humble CONDA_PROMPT_MODIFIER=(base) LD_LIBRARY_PATH=/home/tianshu/ROS2Introduction/action_intro_ws/install/robot_control_interface/lib:/usr/lib/wsl/lib:/opt/ros/humble/opt/rviz_ogre_vendor/lib:/opt/ros/humble/lib/x86_64-linux-gnu:/opt/ros/humble/lib:/usr/lib/wsl/lib PYTHONPATH=/home/tianshu/ROS2Introduction/action_intro_ws/install/robot_control_interface/local/lib/python3.10/dist-packages:${PYTHONPATH} WSLENV=ELECTRON_RUN_AS_NODE/w:WT_SESSION::WT_PROFILE_ID /usr/bin/cmake /home/tianshu/ROS2Introduction/action_intro_ws/src/example_action_rclcpp -DCMAKE_INSTALL_PREFIX=/home/tianshu/ROS2Introduction/action_intro_ws/install/example_action_rclcpp
[4.110s] Invoking command in '/home/tianshu/ROS2Introduction/action_intro_ws/build/example_action_rclcpp': AMENT_PREFIX_PATH=/home/tianshu/ROS2Introduction/action_intro_ws/install/robot_control_interface:${AMENT_PREFIX_PATH} CMAKE_PREFIX_PATH=/home/tianshu/ROS2Introduction/action_intro_ws/install/robot_control_interface:/opt/ros/humble CONDA_PROMPT_MODIFIER=(base) LD_LIBRARY_PATH=/home/tianshu/ROS2Introduction/action_intro_ws/install/robot_control_interface/lib:/usr/lib/wsl/lib:/opt/ros/humble/opt/rviz_ogre_vendor/lib:/opt/ros/humble/lib/x86_64-linux-gnu:/opt/ros/humble/lib:/usr/lib/wsl/lib PYTHONPATH=/home/tianshu/ROS2Introduction/action_intro_ws/install/robot_control_interface/local/lib/python3.10/dist-packages:${PYTHONPATH} WSLENV=ELECTRON_RUN_AS_NODE/w:WT_SESSION::WT_PROFILE_ID /usr/bin/cmake --build /home/tianshu/ROS2Introduction/action_intro_ws/build/example_action_rclcpp -- -j20 -l20
[4.170s] [ 20%] [32mBuilding CXX object CMakeFiles/action_robot_01.dir/src/action_robot_01.cpp.o[0m
[4.171s] [ 60%] [32mBuilding CXX object CMakeFiles/action_control_01.dir/src/action_control_01.cpp.o[0m
[4.171s] [ 60%] [32mBuilding CXX object CMakeFiles/action_robot_01.dir/src/robot.cpp.o[0m
[5.774s] [01m[K/home/tianshu/ROS2Introduction/action_intro_ws/src/example_action_rclcpp/src/action_robot_01.cpp:20:1:[m[K [01;31m[Kerror: [m[Kâ€˜[01m[Kexplicit[m[Kâ€™ outside class declaration
[5.774s]    20 | [01;31m[Kexplicit[m[K ActionRobot01::ActionRobot01(std::string name) : Node(name) {
[5.774s]       | [01;31m[K^~~~~~~~[m[K
[5.779s] [01m[K/home/tianshu/ROS2Introduction/action_intro_ws/src/example_action_rclcpp/src/action_control_01.cpp:20:1:[m[K [01;31m[Kerror: [m[Kâ€˜[01m[Kexplicit[m[Kâ€™ outside class declaration
[5.779s]    20 | [01;31m[Kexplicit[m[K ActionControl01::ActionControl01(std::string name): Node(name) {
[5.779s]       | [01;31m[K^~~~~~~~[m[K
[5.804s] [01m[K/home/tianshu/ROS2Introduction/action_intro_ws/src/example_action_rclcpp/src/action_control_01.cpp:[m[K In member function â€˜[01m[Kvoid ActionControl01::feedback_callback(rclcpp_action::ClientGoalHandle<robot_control_interface::action::MoveRobot>::SharedPtr, std::shared_ptr<const robot_control_interface::action::MoveRobot_Feedback_<std::allocator<void> > >)[m[Kâ€™:
[5.804s] [01m[K/home/tianshu/ROS2Introduction/action_intro_ws/src/example_action_rclcpp/src/action_control_01.cpp:53:73:[m[K [01;35m[Kwarning: [m[Kunused parameter â€˜[01m[Kgoal_handle[m[Kâ€™ [[01;35m[K]8;;https://gcc.gnu.org/onlinedocs/gcc/Warning-Options.html#index-Wunused-parameter-Wunused-parameter]8;;[m[K]
[5.804s]    53 | void ActionControl01::feedback_callback([01;35m[KGoalHandlerMoveRobot::SharedPtr goal_handle[m[K, const std::shared_ptr<const MoveRobot::Feedback> feedback) {
[5.804s]       |                                         [01;35m[K~~~~~~~~~~~~~~~~~~~~~~~~~~~~~~~~^~~~~~~~~~~[m[K
[5.805s] [01m[K/home/tianshu/ROS2Introduction/action_intro_ws/src/example_action_rclcpp/src/action_control_01.cpp:[m[K In member function â€˜[01m[Kvoid ActionControl01::result_callback(const rclcpp_action::ClientGoalHandle<robot_control_interface::action::MoveRobot>::WrappedResult&)[m[Kâ€™:
[5.805s] [01m[K/home/tianshu/ROS2Introduction/action_intro_ws/src/example_action_rclcpp/src/action_control_01.cpp:58:12:[m[K [01;35m[Kwarning: [m[Kenumeration value â€˜[01m[KUNKNOWN[m[Kâ€™ not handled in switch [[01;35m[K]8;;https://gcc.gnu.org/onlinedocs/gcc/Warning-Options.html#index-Wswitch-Wswitch]8;;[m[K]
[5.805s]    58 |     switch [01;35m[K([m[Kresult.code) {
[5.805s]       |            [01;35m[K^[m[K
[6.228s] gmake[2]: *** [CMakeFiles/action_robot_01.dir/build.make:90: CMakeFiles/action_robot_01.dir/src/action_robot_01.cpp.o] Error 1
[6.228s] gmake[1]: *** [CMakeFiles/Makefile2:139: CMakeFiles/action_robot_01.dir/all] Error 2
[6.228s] gmake[1]: *** Waiting for unfinished jobs....
[6.272s] gmake[2]: *** [CMakeFiles/action_control_01.dir/build.make:76: CMakeFiles/action_control_01.dir/src/action_control_01.cpp.o] Error 1
[6.272s] gmake[1]: *** [CMakeFiles/Makefile2:165: CMakeFiles/action_control_01.dir/all] Error 2
[6.272s] gmake: *** [Makefile:146: all] Error 2
[6.273s] Invoked command in '/home/tianshu/ROS2Introduction/action_intro_ws/build/example_action_rclcpp' returned '2': AMENT_PREFIX_PATH=/home/tianshu/ROS2Introduction/action_intro_ws/install/robot_control_interface:${AMENT_PREFIX_PATH} CMAKE_PREFIX_PATH=/home/tianshu/ROS2Introduction/action_intro_ws/install/robot_control_interface:/opt/ros/humble CONDA_PROMPT_MODIFIER=(base) LD_LIBRARY_PATH=/home/tianshu/ROS2Introduction/action_intro_ws/install/robot_control_interface/lib:/usr/lib/wsl/lib:/opt/ros/humble/opt/rviz_ogre_vendor/lib:/opt/ros/humble/lib/x86_64-linux-gnu:/opt/ros/humble/lib:/usr/lib/wsl/lib PYTHONPATH=/home/tianshu/ROS2Introduction/action_intro_ws/install/robot_control_interface/local/lib/python3.10/dist-packages:${PYTHONPATH} WSLENV=ELECTRON_RUN_AS_NODE/w:WT_SESSION::WT_PROFILE_ID /usr/bin/cmake --build /home/tianshu/ROS2Introduction/action_intro_ws/build/example_action_rclcpp -- -j20 -l20
