[0.064s] Invoking command in '/home/tianshu/ROS2Introduction/colcon_test_ws/build/examples_rclcpp_wait_set': CMAKE_PREFIX_PATH=/opt/ros/humble CONDA_PROMPT_MODIFIER=(base) /usr/bin/cmake /home/tianshu/ROS2Introduction/colcon_test_ws/src/examples/rclcpp/wait_set -DCMAKE_INSTALL_PREFIX=/home/tianshu/ROS2Introduction/colcon_test_ws/install/examples_rclcpp_wait_set
[2.479s] -- The C compiler identification is GNU 11.3.0
[2.479s] -- The CXX compiler identification is GNU 11.3.0
[2.479s] -- Detecting C compiler ABI info
[2.479s] -- Detecting C compiler ABI info - done
[2.480s] -- Check for working C compiler: /usr/bin/cc - skipped
[2.480s] -- Detecting C compile features
[2.480s] -- Detecting C compile features - done
[2.480s] -- Detecting CXX compiler ABI info
[2.480s] -- Detecting CXX compiler ABI info - done
[2.480s] -- Check for working CXX compiler: /usr/bin/c++ - skipped
[2.480s] -- Detecting CXX compile features
[2.480s] -- Detecting CXX compile features - done
[2.480s] -- Found ament_cmake: 1.3.4 (/opt/ros/humble/share/ament_cmake/cmake)
[2.480s] -- Found Python3: /usr/bin/python3.10 (found version "3.10.6") found components: Interpreter 
[2.480s] -- Found example_interfaces: 0.9.3 (/opt/ros/humble/share/example_interfaces/cmake)
[2.480s] -- Found rosidl_generator_c: 3.1.4 (/opt/ros/humble/share/rosidl_generator_c/cmake)
[2.480s] -- Found rosidl_adapter: 3.1.4 (/opt/ros/humble/share/rosidl_adapter/cmake)
[2.480s] -- Found rosidl_generator_cpp: 3.1.4 (/opt/ros/humble/share/rosidl_generator_cpp/cmake)
[2.487s] -- Using all available rosidl_typesupport_c: rosidl_typesupport_fastrtps_c;rosidl_typesupport_introspection_c
[2.520s] -- Using all available rosidl_typesupport_cpp: rosidl_typesupport_fastrtps_cpp;rosidl_typesupport_introspection_cpp
[2.754s] -- Found rclcpp: 16.0.4 (/opt/ros/humble/share/rclcpp/cmake)
[2.873s] -- Found rmw_implementation_cmake: 6.1.1 (/opt/ros/humble/share/rmw_implementation_cmake/cmake)
[2.877s] -- Found rmw_fastrtps_cpp: 6.2.2 (/opt/ros/humble/share/rmw_fastrtps_cpp/cmake)
[4.255s] -- Found OpenSSL: /usr/lib/x86_64-linux-gnu/libcrypto.so (found version "3.0.2")  
[5.378s] -- Found FastRTPS: /opt/ros/humble/include  
[8.099s] -- Using RMW implementation 'rmw_fastrtps_cpp' as default
[8.107s] -- Looking for pthread.h
[8.362s] -- Looking for pthread.h - found
[8.362s] -- Performing Test CMAKE_HAVE_LIBC_PTHREAD
[8.597s] -- Performing Test CMAKE_HAVE_LIBC_PTHREAD - Success
[8.598s] -- Found Threads: TRUE  
[8.894s] -- Found rclcpp_components: 16.0.4 (/opt/ros/humble/share/rclcpp_components/cmake)
[9.071s] -- Found ament_lint_auto: 0.12.6 (/opt/ros/humble/share/ament_lint_auto/cmake)
[9.335s] -- Added test 'copyright' to check source files copyright and LICENSE
[9.338s] -- Added test 'cppcheck' to perform static code analysis on C / C++ code
[9.340s] -- Configured cppcheck include dirs: /home/tianshu/ROS2Introduction/colcon_test_ws/src/examples/rclcpp/wait_set/include
[9.340s] -- Configured cppcheck exclude dirs and/or files: 
[9.353s] -- Added test 'cpplint' to check C / C++ code against the Google style
[9.353s] -- Configured cpplint exclude dirs and/or files: 
[9.355s] -- Added test 'lint_cmake' to check CMake code style
[9.357s] -- Added test 'uncrustify' to check C / C++ code style
[9.357s] -- Configured uncrustify additional arguments: 
[9.358s] -- Added test 'xmllint' to check XML markup files
[9.360s] -- Configuring done
[9.446s] -- Generating done
[9.450s] -- Build files have been written to: /home/tianshu/ROS2Introduction/colcon_test_ws/build/examples_rclcpp_wait_set
[9.587s] Invoked command in '/home/tianshu/ROS2Introduction/colcon_test_ws/build/examples_rclcpp_wait_set' returned '0': CMAKE_PREFIX_PATH=/opt/ros/humble CONDA_PROMPT_MODIFIER=(base) /usr/bin/cmake /home/tianshu/ROS2Introduction/colcon_test_ws/src/examples/rclcpp/wait_set -DCMAKE_INSTALL_PREFIX=/home/tianshu/ROS2Introduction/colcon_test_ws/install/examples_rclcpp_wait_set
[9.589s] Invoking command in '/home/tianshu/ROS2Introduction/colcon_test_ws/build/examples_rclcpp_wait_set': CMAKE_PREFIX_PATH=/opt/ros/humble CONDA_PROMPT_MODIFIER=(base) /usr/bin/cmake --build /home/tianshu/ROS2Introduction/colcon_test_ws/build/examples_rclcpp_wait_set -- -j20 -l20
[10.248s] [  4%] [32mBuilding CXX object CMakeFiles/listener.dir/src/listener.cpp.o[0m
[10.261s] [  8%] [32mBuilding CXX object CMakeFiles/talker.dir/src/talker.cpp.o[0m
[10.276s] [ 12%] [32mBuilding CXX object CMakeFiles/wait_set.dir/src/wait_set.cpp.o[0m
[10.301s] [ 16%] [32mBuilding CXX object CMakeFiles/wait_set_talker.dir/rclcpp_components/node_main_wait_set_talker.cpp.o[0m
[10.405s] [ 20%] [32mBuilding CXX object CMakeFiles/static_wait_set.dir/src/static_wait_set.cpp.o[0m
[10.428s] [ 25%] [32mBuilding CXX object CMakeFiles/wait_set_listener.dir/rclcpp_components/node_main_wait_set_listener.cpp.o[0m
[10.438s] [ 29%] [32mBuilding CXX object CMakeFiles/wait_set_random_order.dir/src/wait_set_random_order.cpp.o[0m
[10.439s] [ 33%] [32mBuilding CXX object CMakeFiles/wait_set_topics_and_timer.dir/src/wait_set_topics_and_timer.cpp.o[0m
[10.442s] [ 37%] [32mBuilding CXX object CMakeFiles/thread_safe_wait_set.dir/src/thread_safe_wait_set.cpp.o[0m
[10.452s] [ 41%] [32mBuilding CXX object CMakeFiles/executor_random_order.dir/src/executor_random_order.cpp.o[0m
[10.463s] [ 45%] [32mBuilding CXX object CMakeFiles/wait_set_topics_with_different_rates.dir/src/wait_set_topics_with_different_rates.cpp.o[0m
[28.206s] [01m[Kc++:[m[K [01;31m[Kfatal error: [m[KKilled signal terminated program cc1plus
[28.241s] compilation terminated.
[28.258s] gmake[2]: *** [CMakeFiles/wait_set_listener.dir/build.make:76: CMakeFiles/wait_set_listener.dir/rclcpp_components/node_main_wait_set_listener.cpp.o] Error 1
[28.259s] gmake[1]: *** [CMakeFiles/Makefile2:237: CMakeFiles/wait_set_listener.dir/all] Error 2
[28.259s] gmake[1]: *** Waiting for unfinished jobs....
[40.589s] [01m[Kc++:[m[K [01;31m[Kfatal error: [m[KKilled signal terminated program cc1plus
[40.592s] compilation terminated.
[40.608s] gmake[2]: *** [CMakeFiles/wait_set_topics_with_different_rates.dir/build.make:76: CMakeFiles/wait_set_topics_with_different_rates.dir/src/wait_set_topics_with_different_rates.cpp.o] Error 1
[40.626s] gmake[1]: *** [CMakeFiles/Makefile2:419: CMakeFiles/wait_set_topics_with_different_rates.dir/all] Error 2
[67.793s] [01m[Kc++:[m[K [01;31m[Kfatal error: [m[KKilled signal terminated program cc1plus
[67.795s] compilation terminated.
[67.796s] gmake[2]: *** [CMakeFiles/talker.dir/build.make:76: CMakeFiles/talker.dir/src/talker.cpp.o] Error 1
[67.817s] gmake[1]: *** [CMakeFiles/Makefile2:159: CMakeFiles/talker.dir/all] Error 2
[80.034s] [ 50%] [32m[1mLinking CXX executable wait_set_talker[0m
[80.498s] [ 50%] Built target wait_set_talker
[88.642s] [ 54%] [32m[1mLinking CXX executable wait_set[0m
[89.656s] [ 54%] Built target wait_set
[90.639s] [ 58%] [32m[1mLinking CXX shared library liblistener.so[0m
[91.342s] [ 58%] Built target listener
[92.018s] [ 62%] [32m[1mLinking CXX executable executor_random_order[0m
[92.035s] [ 66%] [32m[1mLinking CXX executable static_wait_set[0m
[92.422s] [ 70%] [32m[1mLinking CXX executable wait_set_topics_and_timer[0m
[92.523s] [ 70%] Built target static_wait_set
[92.528s] [ 70%] Built target executor_random_order
[92.775s] [ 70%] Built target wait_set_topics_and_timer
[92.954s] [ 75%] [32m[1mLinking CXX executable thread_safe_wait_set[0m
[93.029s] [ 79%] [32m[1mLinking CXX executable wait_set_random_order[0m
[93.302s] [ 79%] Built target thread_safe_wait_set
[93.382s] [ 79%] Built target wait_set_random_order
[93.392s] gmake: *** [Makefile:146: all] Error 2
