[0.093s] Invoking command in '/home/tianshu/ROS2Introduction/colcon_test_ws/build/examples_rclcpp_minimal_action_client': CMAKE_PREFIX_PATH=/opt/ros/humble CONDA_PROMPT_MODIFIER=(base) /usr/bin/cmake /home/tianshu/ROS2Introduction/colcon_test_ws/src/examples/rclcpp/actions/minimal_action_client -DCMAKE_INSTALL_PREFIX=/home/tianshu/ROS2Introduction/colcon_test_ws/install/examples_rclcpp_minimal_action_client
[2.477s] -- The C compiler identification is GNU 11.3.0
[2.478s] -- The CXX compiler identification is GNU 11.3.0
[2.479s] -- Detecting C compiler ABI info
[2.479s] -- Detecting C compiler ABI info - done
[2.479s] -- Check for working C compiler: /usr/bin/cc - skipped
[2.480s] -- Detecting C compile features
[2.480s] -- Detecting C compile features - done
[2.481s] -- Detecting CXX compiler ABI info
[2.481s] -- Detecting CXX compiler ABI info - done
[2.482s] -- Check for working CXX compiler: /usr/bin/c++ - skipped
[2.482s] -- Detecting CXX compile features
[2.482s] -- Detecting CXX compile features - done
[2.483s] -- Found ament_cmake: 1.3.4 (/opt/ros/humble/share/ament_cmake/cmake)
[2.483s] -- Found Python3: /usr/bin/python3.10 (found version "3.10.6") found components: Interpreter 
[2.484s] -- Found example_interfaces: 0.9.3 (/opt/ros/humble/share/example_interfaces/cmake)
[2.522s] -- Found rosidl_generator_c: 3.1.4 (/opt/ros/humble/share/rosidl_generator_c/cmake)
[2.522s] -- Found rosidl_adapter: 3.1.4 (/opt/ros/humble/share/rosidl_adapter/cmake)
[2.527s] -- Found rosidl_generator_cpp: 3.1.4 (/opt/ros/humble/share/rosidl_generator_cpp/cmake)
[2.542s] -- Using all available rosidl_typesupport_c: rosidl_typesupport_fastrtps_c;rosidl_typesupport_introspection_c
[2.564s] -- Using all available rosidl_typesupport_cpp: rosidl_typesupport_fastrtps_cpp;rosidl_typesupport_introspection_cpp
[2.795s] -- Found rclcpp: 16.0.4 (/opt/ros/humble/share/rclcpp/cmake)
[2.918s] -- Found rmw_implementation_cmake: 6.1.1 (/opt/ros/humble/share/rmw_implementation_cmake/cmake)
[2.922s] -- Found rmw_fastrtps_cpp: 6.2.2 (/opt/ros/humble/share/rmw_fastrtps_cpp/cmake)
[4.741s] -- Found OpenSSL: /usr/lib/x86_64-linux-gnu/libcrypto.so (found version "3.0.2")  
[6.367s] -- Found FastRTPS: /opt/ros/humble/include  
[8.152s] -- Using RMW implementation 'rmw_fastrtps_cpp' as default
[8.162s] -- Looking for pthread.h
[8.403s] -- Looking for pthread.h - found
[8.404s] -- Performing Test CMAKE_HAVE_LIBC_PTHREAD
[8.639s] -- Performing Test CMAKE_HAVE_LIBC_PTHREAD - Success
[8.641s] -- Found Threads: TRUE  
[8.967s] -- Found rclcpp_action: 16.0.4 (/opt/ros/humble/share/rclcpp_action/cmake)
[9.107s] -- Found ament_lint_auto: 0.12.6 (/opt/ros/humble/share/ament_lint_auto/cmake)
[9.270s] -- Added test 'copyright' to check source files copyright and LICENSE
[9.273s] -- Added test 'cppcheck' to perform static code analysis on C / C++ code
[9.273s] -- Configured cppcheck include dirs: 
[9.274s] -- Configured cppcheck exclude dirs and/or files: 
[9.276s] -- Added test 'cpplint' to check C / C++ code against the Google style
[9.276s] -- Configured cpplint exclude dirs and/or files: 
[9.277s] -- Added test 'lint_cmake' to check CMake code style
[9.279s] -- Added test 'uncrustify' to check C / C++ code style
[9.280s] -- Configured uncrustify additional arguments: 
[9.281s] -- Added test 'xmllint' to check XML markup files
[9.283s] -- Configuring done
[9.322s] -- Generating done
[9.327s] -- Build files have been written to: /home/tianshu/ROS2Introduction/colcon_test_ws/build/examples_rclcpp_minimal_action_client
[9.576s] Invoked command in '/home/tianshu/ROS2Introduction/colcon_test_ws/build/examples_rclcpp_minimal_action_client' returned '0': CMAKE_PREFIX_PATH=/opt/ros/humble CONDA_PROMPT_MODIFIER=(base) /usr/bin/cmake /home/tianshu/ROS2Introduction/colcon_test_ws/src/examples/rclcpp/actions/minimal_action_client -DCMAKE_INSTALL_PREFIX=/home/tianshu/ROS2Introduction/colcon_test_ws/install/examples_rclcpp_minimal_action_client
[9.577s] Invoking command in '/home/tianshu/ROS2Introduction/colcon_test_ws/build/examples_rclcpp_minimal_action_client': CMAKE_PREFIX_PATH=/opt/ros/humble CONDA_PROMPT_MODIFIER=(base) /usr/bin/cmake --build /home/tianshu/ROS2Introduction/colcon_test_ws/build/examples_rclcpp_minimal_action_client -- -j20 -l20
[10.102s] [ 12%] [32mBuilding CXX object CMakeFiles/action_client_member_functions.dir/member_functions.cpp.o[0m
[10.122s] [ 25%] [32mBuilding CXX object CMakeFiles/action_client_not_composable_with_feedback.dir/not_composable_with_feedback.cpp.o[0m
[10.149s] [ 37%] [32mBuilding CXX object CMakeFiles/action_client_not_composable.dir/not_composable.cpp.o[0m
[10.189s] [ 50%] [32mBuilding CXX object CMakeFiles/action_client_not_composable_with_cancel.dir/not_composable_with_cancel.cpp.o[0m
[42.551s] [01m[Kc++:[m[K [01;31m[Kfatal error: [m[KKilled signal terminated program cc1plus
[42.554s] compilation terminated.
[42.558s] gmake[2]: *** [CMakeFiles/action_client_not_composable.dir/build.make:76: CMakeFiles/action_client_not_composable.dir/not_composable.cpp.o] Error 1
[42.573s] gmake[1]: *** [CMakeFiles/Makefile2:169: CMakeFiles/action_client_not_composable.dir/all] Error 2
[42.574s] gmake[1]: *** Waiting for unfinished jobs....
[45.447s] [01m[Kc++:[m[K [01;31m[Kfatal error: [m[KKilled signal terminated program cc1plus
[45.450s] compilation terminated.
[45.450s] gmake[2]: *** [CMakeFiles/action_client_not_composable_with_cancel.dir/build.make:76: CMakeFiles/action_client_not_composable_with_cancel.dir/not_composable_with_cancel.cpp.o] Error 1
[45.450s] gmake[1]: *** [CMakeFiles/Makefile2:195: CMakeFiles/action_client_not_composable_with_cancel.dir/all] Error 2
[48.188s] [01m[Kc++:[m[K [01;31m[Kfatal error: [m[KKilled signal terminated program cc1plus
[48.190s] compilation terminated.
[48.198s] gmake[2]: *** [CMakeFiles/action_client_not_composable_with_feedback.dir/build.make:76: CMakeFiles/action_client_not_composable_with_feedback.dir/not_composable_with_feedback.cpp.o] Error 1
[48.211s] gmake[1]: *** [CMakeFiles/Makefile2:221: CMakeFiles/action_client_not_composable_with_feedback.dir/all] Error 2
[79.264s] [ 62%] [32m[1mLinking CXX executable action_client_member_functions[0m
[80.083s] [ 62%] Built target action_client_member_functions
[80.098s] gmake: *** [Makefile:146: all] Error 2
