-- The C compiler identification is GNU 11.3.0
-- The CXX compiler identification is GNU 11.3.0
-- Detecting C compiler ABI info
-- Detecting C compiler ABI info - done
-- Check for working C compiler: /usr/bin/cc - skipped
-- Detecting C compile features
-- Detecting C compile features - done
-- Detecting CXX compiler ABI info
-- Detecting CXX compiler ABI info - done
-- Check for working CXX compiler: /usr/bin/c++ - skipped
-- Detecting CXX compile features
-- Detecting CXX compile features - done
-- Found ament_cmake: 1.3.4 (/opt/ros/humble/share/ament_cmake/cmake)
-- Found Python3: /usr/bin/python3.10 (found version "3.10.6") found components: Interpreter 
-- Found rclcpp: 16.0.4 (/opt/ros/humble/share/rclcpp/cmake)
-- Found rosidl_generator_c: 3.1.4 (/opt/ros/humble/share/rosidl_generator_c/cmake)
-- Found rosidl_adapter: 3.1.4 (/opt/ros/humble/share/rosidl_adapter/cmake)
-- Found rosidl_generator_cpp: 3.1.4 (/opt/ros/humble/share/rosidl_generator_cpp/cmake)
-- Using all available rosidl_typesupport_c: rosidl_typesupport_fastrtps_c;rosidl_typesupport_introspection_c
-- Using all available rosidl_typesupport_cpp: rosidl_typesupport_fastrtps_cpp;rosidl_typesupport_introspection_cpp
-- Found rmw_implementation_cmake: 6.1.1 (/opt/ros/humble/share/rmw_implementation_cmake/cmake)
-- Found rmw_fastrtps_cpp: 6.2.2 (/opt/ros/humble/share/rmw_fastrtps_cpp/cmake)
-- Found OpenSSL: /usr/lib/x86_64-linux-gnu/libcrypto.so (found version "3.0.2")  
-- Found FastRTPS: /opt/ros/humble/include  
-- Using RMW implementation 'rmw_fastrtps_cpp' as default
-- Looking for pthread.h
-- Looking for pthread.h - found
-- Performing Test CMAKE_HAVE_LIBC_PTHREAD
-- Performing Test CMAKE_HAVE_LIBC_PTHREAD - Success
-- Found Threads: TRUE  
-- Found ament_lint_auto: 0.12.6 (/opt/ros/humble/share/ament_lint_auto/cmake)
-- Added test 'cppcheck' to perform static code analysis on C / C++ code
-- Configured cppcheck include dirs: 
-- Configured cppcheck exclude dirs and/or files: 
-- Added test 'lint_cmake' to check CMake code style
-- Added test 'uncrustify' to check C / C++ code style
-- Configured uncrustify additional arguments: 
-- Added test 'xmllint' to check XML markup files
-- Configuring done
-- Generating done
-- Build files have been written to: /home/tianshu/ROS2Introduction/rclcpp_test_ws/build/example_cpp
[ 50%] [32mBuilding CXX object CMakeFiles/node_01.dir/src/node_01.cpp.o[0m
[01m[K/home/tianshu/ROS2Introduction/rclcpp_test_ws/src/example_cpp/src/node_01.cpp:[m[K In function â€˜[01m[Kint main(int, char**)[m[Kâ€™:
[01m[K/home/tianshu/ROS2Introduction/rclcpp_test_ws/src/example_cpp/src/node_01.cpp:6:21:[m[K [01;31m[Kerror: [m[Kâ€˜[01m[Krclcoo[m[Kâ€™ was not declared in this scope; did you mean â€˜[01m[Krclcpp[m[Kâ€™?
    6 |     std::shared_ptr<[01;31m[Krclcoo[m[K::Node> node = std::make_shared<rclcoo::Node>("node_01");
      |                     [01;31m[K^~~~~~[m[K
      |                     [32m[Krclcpp[m[K
[01m[K/home/tianshu/ROS2Introduction/rclcpp_test_ws/src/example_cpp/src/node_01.cpp:6:33:[m[K [01;31m[Kerror: [m[Ktemplate argument 1 is invalid
    6 |     std::shared_ptr<rclcoo::Node[01;31m[K>[m[K node = std::make_shared<rclcoo::Node>("node_01");
      |                                 [01;31m[K^[m[K
[01m[K/home/tianshu/ROS2Introduction/rclcpp_test_ws/src/example_cpp/src/node_01.cpp:6:47:[m[K [01;31m[Kerror: [m[Kparse error in template argument list
    6 |     std::shared_ptr<rclcoo::Node> node = std::[01;31m[Kmake_shared<rclcoo::Node>[m[K("node_01");
      |                                               [01;31m[K^~~~~~~~~~~~~~~~~~~~~~~~~[m[K
[01m[K/home/tianshu/ROS2Introduction/rclcpp_test_ws/src/example_cpp/src/node_01.cpp:6:72:[m[K [01;31m[Kerror: [m[Kno matching function for call to â€˜[01m[Kmake_shared<rclcoo>(const char [8])[m[Kâ€™
    6 |     std::shared_ptr<rclcoo::Node> node = [01;31m[Kstd::make_shared<rclcoo::Node>("node_01")[m[K;
      |                                          [01;31m[K~~~~~~~~~~~~~~~~~~~~~~~~~~~~~~^~~~~~~~~~~[m[K
In file included from [01m[K/usr/include/c++/11/memory:77[m[K,
                 from [01m[K/opt/ros/humble/include/rclcpp/rclcpp/rclcpp.hpp:153[m[K,
                 from [01m[K/home/tianshu/ROS2Introduction/rclcpp_test_ws/src/example_cpp/src/node_01.cpp:1[m[K:
[01m[K/usr/include/c++/11/bits/shared_ptr.h:875:5:[m[K [01;36m[Knote: [m[Kcandidate: â€˜[01m[Ktemplate<class _Tp, class ... _Args> std::shared_ptr<_Tp> std::make_shared(_Args&& ...)[m[Kâ€™
  875 |     [01;36m[Kmake_shared[m[K(_Args&&... __args)
      |     [01;36m[K^~~~~~~~~~~[m[K
[01m[K/usr/include/c++/11/bits/shared_ptr.h:875:5:[m[K [01;36m[Knote: [m[K  template argument deduction/substitution failed:
In file included from [01m[K/opt/ros/humble/include/rclcpp/rclcpp/client.hpp:40[m[K,
                 from [01m[K/opt/ros/humble/include/rclcpp/rclcpp/callback_group.hpp:24[m[K,
                 from [01m[K/opt/ros/humble/include/rclcpp/rclcpp/any_executable.hpp:20[m[K,
                 from [01m[K/opt/ros/humble/include/rclcpp/rclcpp/memory_strategy.hpp:25[m[K,
                 from [01m[K/opt/ros/humble/include/rclcpp/rclcpp/memory_strategies.hpp:18[m[K,
                 from [01m[K/opt/ros/humble/include/rclcpp/rclcpp/executor_options.hpp:20[m[K,
                 from [01m[K/opt/ros/humble/include/rclcpp/rclcpp/executor.hpp:37[m[K,
                 from [01m[K/opt/ros/humble/include/rclcpp/rclcpp/executors/multi_threaded_executor.hpp:25[m[K,
                 from [01m[K/opt/ros/humble/include/rclcpp/rclcpp/executors.hpp:21[m[K,
                 from [01m[K/opt/ros/humble/include/rclcpp/rclcpp/rclcpp.hpp:155[m[K,
                 from [01m[K/home/tianshu/ROS2Introduction/rclcpp_test_ws/src/example_cpp/src/node_01.cpp:1[m[K:
[01m[K/home/tianshu/ROS2Introduction/rclcpp_test_ws/src/example_cpp/src/node_01.cpp:7:21:[m[K [01;31m[Kerror: [m[Kbase operand of â€˜[01m[K->[m[Kâ€™ is not a pointer
    7 |     RCLCPP_INFO(node[01;31m[K->[m[Kget_logger(), "start node_01");
      |                     [01;31m[K^~[m[K
[01m[K/home/tianshu/ROS2Introduction/rclcpp_test_ws/src/example_cpp/src/node_01.cpp:7:21:[m[K [01;31m[Kerror: [m[Kbase operand of â€˜[01m[K->[m[Kâ€™ is not a pointer
[01m[K/home/tianshu/ROS2Introduction/rclcpp_test_ws/src/example_cpp/src/node_01.cpp:7:5:[m[K [01;31m[Kerror: [m[Ktemplate argument 1 is invalid
    7 |     [01;31m[KRCLCPP_INFO[m[K(node->get_logger(), "start node_01");
      |     [01;31m[K^~~~~~~~~~~[m[K
[01m[K/home/tianshu/ROS2Introduction/rclcpp_test_ws/src/example_cpp/src/node_01.cpp:7:5:[m[K [01;31m[Kerror: [m[Kâ€˜[01m[K<declaration error>[m[Kâ€™ is not a template [[01;31m[K]8;;https://gcc.gnu.org/onlinedocs/gcc/Warning-Options.html#index-fpermissive-fpermissive]8;;[m[K]
    7 |     [01;31m[KRCLCPP_INFO[m[K(node->get_logger(), "start node_01");
      |     [01;31m[K^~~~~~~~~~~[m[K
[01m[K/home/tianshu/ROS2Introduction/rclcpp_test_ws/src/example_cpp/src/node_01.cpp:7:5:[m[K [01;31m[Kerror: [m[Ktemplate argument 1 is invalid
    7 |     [01;31m[KRCLCPP_INFO[m[K(node->get_logger(), "start node_01");
      |     [01;31m[K^~~~~~~~~~~[m[K
[01m[K/home/tianshu/ROS2Introduction/rclcpp_test_ws/src/example_cpp/src/node_01.cpp:7:5:[m[K [01;31m[Kerror: [m[Kâ€˜[01m[K<declaration error>[m[Kâ€™ is not a template [[01;31m[K]8;;https://gcc.gnu.org/onlinedocs/gcc/Warning-Options.html#index-fpermissive-fpermissive]8;;[m[K]
    7 |     [01;31m[KRCLCPP_INFO[m[K(node->get_logger(), "start node_01");
      |     [01;31m[K^~~~~~~~~~~[m[K
[01m[K/home/tianshu/ROS2Introduction/rclcpp_test_ws/src/example_cpp/src/node_01.cpp:7:5:[m[K [01;31m[Kerror: [m[Ktemplate argument 1 is invalid
    7 |     [01;31m[KRCLCPP_INFO[m[K(node->get_logger(), "start node_01");
      |     [01;31m[K^~~~~~~~~~~[m[K
In file included from [01m[K/opt/ros/humble/include/rclcpp/rclcpp/logging.hpp:24[m[K,
                 from [01m[K/opt/ros/humble/include/rclcpp/rclcpp/client.hpp:40[m[K,
                 from [01m[K/opt/ros/humble/include/rclcpp/rclcpp/callback_group.hpp:24[m[K,
                 from [01m[K/opt/ros/humble/include/rclcpp/rclcpp/any_executable.hpp:20[m[K,
                 from [01m[K/opt/ros/humble/include/rclcpp/rclcpp/memory_strategy.hpp:25[m[K,
                 from [01m[K/opt/ros/humble/include/rclcpp/rclcpp/memory_strategies.hpp:18[m[K,
                 from [01m[K/opt/ros/humble/include/rclcpp/rclcpp/executor_options.hpp:20[m[K,
                 from [01m[K/opt/ros/humble/include/rclcpp/rclcpp/executor.hpp:37[m[K,
                 from [01m[K/opt/ros/humble/include/rclcpp/rclcpp/executors/multi_threaded_executor.hpp:25[m[K,
                 from [01m[K/opt/ros/humble/include/rclcpp/rclcpp/executors.hpp:21[m[K,
                 from [01m[K/opt/ros/humble/include/rclcpp/rclcpp/rclcpp.hpp:155[m[K,
                 from [01m[K/home/tianshu/ROS2Introduction/rclcpp_test_ws/src/example_cpp/src/node_01.cpp:1[m[K:
[01m[K/home/tianshu/ROS2Introduction/rclcpp_test_ws/src/example_cpp/src/node_01.cpp:7:21:[m[K [01;31m[Kerror: [m[Kbase operand of â€˜[01m[K->[m[Kâ€™ is not a pointer
    7 |     RCLCPP_INFO(node[01;31m[K->[m[Kget_logger(), "start node_01");
      |                     [01;31m[K^~[m[K
[01m[K/home/tianshu/ROS2Introduction/rclcpp_test_ws/src/example_cpp/src/node_01.cpp:7:21:[m[K [01;31m[Kerror: [m[Kbase operand of â€˜[01m[K->[m[Kâ€™ is not a pointer
    7 |     RCLCPP_INFO(node[01;31m[K->[m[Kget_logger(), "start node_01");
      |                     [01;31m[K^~[m[K
[01m[K/home/tianshu/ROS2Introduction/rclcpp_test_ws/src/example_cpp/src/node_01.cpp:8:17:[m[K [01;31m[Kerror: [m[Kno matching function for call to â€˜[01m[Kspin(int&)[m[Kâ€™
    8 |     [01;31m[Krclcpp::spin(node)[m[K;
      |     [01;31m[K~~~~~~~~~~~~^~~~~~[m[K
In file included from [01m[K/opt/ros/humble/include/rclcpp/rclcpp/rclcpp.hpp:155[m[K,
                 from [01m[K/home/tianshu/ROS2Introduction/rclcpp_test_ws/src/example_cpp/src/node_01.cpp:1[m[K:
[01m[K/opt/ros/humble/include/rclcpp/rclcpp/executors.hpp:45:1:[m[K [01;36m[Knote: [m[Kcandidate: â€˜[01m[Kvoid rclcpp::spin(rclcpp::node_interfaces::NodeBaseInterface::SharedPtr)[m[Kâ€™
   45 | [01;36m[Kspin[m[K(rclcpp::node_interfaces::NodeBaseInterface::SharedPtr node_ptr);
      | [01;36m[K^~~~[m[K
[01m[K/opt/ros/humble/include/rclcpp/rclcpp/executors.hpp:45:60:[m[K [01;36m[Knote: [m[K  no known conversion for argument 1 from â€˜[01m[Kint[m[Kâ€™ to â€˜[01m[Krclcpp::node_interfaces::NodeBaseInterface::SharedPtr[m[Kâ€™ {aka â€˜[01m[Kstd::shared_ptr<rclcpp::node_interfaces::NodeBaseInterface>[m[Kâ€™}
   45 | spin([01;36m[Krclcpp::node_interfaces::NodeBaseInterface::SharedPtr node_ptr[m[K);
      |      [01;36m[K~~~~~~~~~~~~~~~~~~~~~~~~~~~~~~~~~~~~~~~~~~~~~~~~~~~~~~^~~~~~~~[m[K
[01m[K/opt/ros/humble/include/rclcpp/rclcpp/executors.hpp:49:1:[m[K [01;36m[Knote: [m[Kcandidate: â€˜[01m[Kvoid rclcpp::spin(rclcpp::Node::SharedPtr)[m[Kâ€™
   49 | [01;36m[Kspin[m[K(rclcpp::Node::SharedPtr node_ptr);
      | [01;36m[K^~~~[m[K
[01m[K/opt/ros/humble/include/rclcpp/rclcpp/executors.hpp:49:30:[m[K [01;36m[Knote: [m[K  no known conversion for argument 1 from â€˜[01m[Kint[m[Kâ€™ to â€˜[01m[Krclcpp::Node::SharedPtr[m[Kâ€™ {aka â€˜[01m[Kstd::shared_ptr<rclcpp::Node>[m[Kâ€™}
   49 | spin([01;36m[Krclcpp::Node::SharedPtr node_ptr[m[K);
      |      [01;36m[K~~~~~~~~~~~~~~~~~~~~~~~~^~~~~~~~[m[K
gmake[2]: *** [CMakeFiles/node_01.dir/build.make:76: CMakeFiles/node_01.dir/src/node_01.cpp.o] Error 1
gmake[1]: *** [CMakeFiles/Makefile2:137: CMakeFiles/node_01.dir/all] Error 2
gmake: *** [Makefile:146: all] Error 2
