[0.080s] Invoking command in '/home/tianshu/ROS2Introduction/colcon_test_ws/build/examples_rclcpp_minimal_composition': CMAKE_PREFIX_PATH=/opt/ros/humble CONDA_PROMPT_MODIFIER=(base) /usr/bin/cmake /home/tianshu/ROS2Introduction/colcon_test_ws/src/examples/rclcpp/composition/minimal_composition -DCMAKE_INSTALL_PREFIX=/home/tianshu/ROS2Introduction/colcon_test_ws/install/examples_rclcpp_minimal_composition
[2.495s] -- The C compiler identification is GNU 11.3.0
[2.495s] -- The CXX compiler identification is GNU 11.3.0
[2.495s] -- Detecting C compiler ABI info
[2.496s] -- Detecting C compiler ABI info - done
[2.496s] -- Check for working C compiler: /usr/bin/cc - skipped
[2.496s] -- Detecting C compile features
[2.496s] -- Detecting C compile features - done
[2.496s] -- Detecting CXX compiler ABI info
[2.496s] -- Detecting CXX compiler ABI info - done
[2.496s] -- Check for working CXX compiler: /usr/bin/c++ - skipped
[2.496s] -- Detecting CXX compile features
[2.496s] -- Detecting CXX compile features - done
[2.496s] -- Found ament_cmake: 1.3.4 (/opt/ros/humble/share/ament_cmake/cmake)
[2.496s] -- Found Python3: /usr/bin/python3.10 (found version "3.10.6") found components: Interpreter 
[2.496s] -- Found rclcpp: 16.0.4 (/opt/ros/humble/share/rclcpp/cmake)
[2.496s] -- Found rosidl_generator_c: 3.1.4 (/opt/ros/humble/share/rosidl_generator_c/cmake)
[2.496s] -- Found rosidl_adapter: 3.1.4 (/opt/ros/humble/share/rosidl_adapter/cmake)
[2.501s] -- Found rosidl_generator_cpp: 3.1.4 (/opt/ros/humble/share/rosidl_generator_cpp/cmake)
[2.511s] -- Using all available rosidl_typesupport_c: rosidl_typesupport_fastrtps_c;rosidl_typesupport_introspection_c
[2.546s] -- Using all available rosidl_typesupport_cpp: rosidl_typesupport_fastrtps_cpp;rosidl_typesupport_introspection_cpp
[2.657s] -- Found rmw_implementation_cmake: 6.1.1 (/opt/ros/humble/share/rmw_implementation_cmake/cmake)
[2.663s] -- Found rmw_fastrtps_cpp: 6.2.2 (/opt/ros/humble/share/rmw_fastrtps_cpp/cmake)
[4.282s] -- Found OpenSSL: /usr/lib/x86_64-linux-gnu/libcrypto.so (found version "3.0.2")  
[5.365s] -- Found FastRTPS: /opt/ros/humble/include  
[7.391s] -- Using RMW implementation 'rmw_fastrtps_cpp' as default
[7.400s] -- Looking for pthread.h
[7.668s] -- Looking for pthread.h - found
[7.669s] -- Performing Test CMAKE_HAVE_LIBC_PTHREAD
[7.923s] -- Performing Test CMAKE_HAVE_LIBC_PTHREAD - Success
[7.925s] -- Found Threads: TRUE  
[8.121s] -- Found rclcpp_components: 16.0.4 (/opt/ros/humble/share/rclcpp_components/cmake)
[8.227s] -- Found ament_lint_auto: 0.12.6 (/opt/ros/humble/share/ament_lint_auto/cmake)
[8.363s] -- Added test 'copyright' to check source files copyright and LICENSE
[8.363s] -- Added test 'cppcheck' to perform static code analysis on C / C++ code
[8.363s] -- Configured cppcheck include dirs: /home/tianshu/ROS2Introduction/colcon_test_ws/src/examples/rclcpp/composition/minimal_composition/include
[8.364s] -- Configured cppcheck exclude dirs and/or files: 
[8.364s] -- Added test 'cpplint' to check C / C++ code against the Google style
[8.364s] -- Configured cpplint exclude dirs and/or files: 
[8.364s] -- Added test 'lint_cmake' to check CMake code style
[8.364s] -- Added test 'uncrustify' to check C / C++ code style
[8.364s] -- Configured uncrustify additional arguments: 
[8.364s] -- Added test 'xmllint' to check XML markup files
[8.365s] -- Configuring done
[8.365s] -- Generating done
[8.365s] -- Build files have been written to: /home/tianshu/ROS2Introduction/colcon_test_ws/build/examples_rclcpp_minimal_composition
[8.546s] Invoked command in '/home/tianshu/ROS2Introduction/colcon_test_ws/build/examples_rclcpp_minimal_composition' returned '0': CMAKE_PREFIX_PATH=/opt/ros/humble CONDA_PROMPT_MODIFIER=(base) /usr/bin/cmake /home/tianshu/ROS2Introduction/colcon_test_ws/src/examples/rclcpp/composition/minimal_composition -DCMAKE_INSTALL_PREFIX=/home/tianshu/ROS2Introduction/colcon_test_ws/install/examples_rclcpp_minimal_composition
[8.548s] Invoking command in '/home/tianshu/ROS2Introduction/colcon_test_ws/build/examples_rclcpp_minimal_composition': CMAKE_PREFIX_PATH=/opt/ros/humble CONDA_PROMPT_MODIFIER=(base) /usr/bin/cmake --build /home/tianshu/ROS2Introduction/colcon_test_ws/build/examples_rclcpp_minimal_composition -- -j20 -l20
[8.800s] [ 11%] [32mBuilding CXX object CMakeFiles/composition_nodes.dir/src/subscriber_node.cpp.o[0m
[8.809s] [ 22%] [32mBuilding CXX object CMakeFiles/composition_nodes.dir/src/publisher_node.cpp.o[0m
[24.377s] [01m[Kc++:[m[K [01;31m[Kfatal error: [m[KKilled signal terminated program cc1plus
[24.380s] compilation terminated.
[24.381s] gmake[2]: *** [CMakeFiles/composition_nodes.dir/build.make:90: CMakeFiles/composition_nodes.dir/src/subscriber_node.cpp.o] Error 1
[24.383s] gmake[2]: *** Waiting for unfinished jobs....
[83.342s] gmake[1]: *** [CMakeFiles/Makefile2:143: CMakeFiles/composition_nodes.dir/all] Error 2
[83.346s] gmake: *** [Makefile:146: all] Error 2
