[0.061s] Invoking command in '/home/tianshu/ROS2Introduction/rclcpp_test_ws/build/example_cpp': CMAKE_PREFIX_PATH=${CMAKE_PREFIX_PATH}:/opt/ros/humble CONDA_PROMPT_MODIFIER=(base) WSLENV=ELECTRON_RUN_AS_NODE/w:WT_SESSION::WT_PROFILE_ID /usr/bin/cmake --build /home/tianshu/ROS2Introduction/rclcpp_test_ws/build/example_cpp -- -j20 -l20
[0.141s] [35m[1mConsolidate compiler generated dependencies of target node_02[0m
[0.161s] [ 50%] [32mBuilding CXX object CMakeFiles/node_02.dir/src/node_02.cpp.o[0m
[1.473s] [01m[K/home/tianshu/ROS2Introduction/rclcpp_test_ws/src/example_cpp/src/node_02.cpp:6:22:[m[K [01;31m[Kerror: [m[Kexpected â€˜[01m[K)[m[Kâ€™ before â€˜[01m[Kname[m[Kâ€™
[1.473s]     6 |         Node02[34m[K([m[Kstring[01;31m[K [m[K[32m[Kname[m[K): Node(name) {
[1.473s]       |               [34m[K~[m[K      [01;31m[K^[m[K[32m[K~~~~[m[K
[1.473s]       |                      [32m[K)[m[K
[1.473s] [01m[K/home/tianshu/ROS2Introduction/rclcpp_test_ws/src/example_cpp/src/node_02.cpp:9:2:[m[K [01;31m[Kerror: [m[Kexpected â€˜[01m[K;[m[Kâ€™ after class definition
[1.473s]     9 | }
[1.474s]       |  [01;31m[K^[m[K
[1.474s]       |  [32m[K;[m[K
[1.689s] In file included from [01m[K/usr/include/x86_64-linux-gnu/c++/11/bits/c++allocator.h:33[m[K,
[1.689s]                  from [01m[K/usr/include/c++/11/bits/allocator.h:46[m[K,
[1.689s]                  from [01m[K/usr/include/c++/11/memory:64[m[K,
[1.689s]                  from [01m[K/opt/ros/humble/include/rclcpp/rclcpp/rclcpp.hpp:153[m[K,
[1.689s]                  from [01m[K/home/tianshu/ROS2Introduction/rclcpp_test_ws/src/example_cpp/src/node_02.cpp:1[m[K:
[1.689s] /usr/include/c++/11/ext/new_allocator.h: In instantiation of â€˜[01m[Kvoid __gnu_cxx::new_allocator<_Tp>::construct(_Up*, _Args&& ...) [with _Up = Node02; _Args = {const char (&)[8]}; _Tp = Node02][m[Kâ€™:
[1.689s] [01m[K/usr/include/c++/11/bits/alloc_traits.h:516:17:[m[K   required from â€˜[01m[Kstatic void std::allocator_traits<std::allocator<_Tp1> >::construct(std::allocator_traits<std::allocator<_Tp1> >::allocator_type&, _Up*, _Args&& ...) [with _Up = Node02; _Args = {const char (&)[8]}; _Tp = Node02; std::allocator_traits<std::allocator<_Tp1> >::allocator_type = std::allocator<Node02>][m[Kâ€™
[1.689s] [01m[K/usr/include/c++/11/bits/shared_ptr_base.h:519:39:[m[K   required from â€˜[01m[Kstd::_Sp_counted_ptr_inplace<_Tp, _Alloc, _Lp>::_Sp_counted_ptr_inplace(_Alloc, _Args&& ...) [with _Args = {const char (&)[8]}; _Tp = Node02; _Alloc = std::allocator<Node02>; __gnu_cxx::_Lock_policy _Lp = __gnu_cxx::_S_atomic][m[Kâ€™
[1.689s] [01m[K/usr/include/c++/11/bits/shared_ptr_base.h:650:16:[m[K   required from â€˜[01m[Kstd::__shared_count<_Lp>::__shared_count(_Tp*&, std::_Sp_alloc_shared_tag<_Alloc>, _Args&& ...) [with _Tp = Node02; _Alloc = std::allocator<Node02>; _Args = {const char (&)[8]}; __gnu_cxx::_Lock_policy _Lp = __gnu_cxx::_S_atomic][m[Kâ€™
[1.689s] [01m[K/usr/include/c++/11/bits/shared_ptr_base.h:1342:14:[m[K   required from â€˜[01m[Kstd::__shared_ptr<_Tp, _Lp>::__shared_ptr(std::_Sp_alloc_shared_tag<_Tp>, _Args&& ...) [with _Alloc = std::allocator<Node02>; _Args = {const char (&)[8]}; _Tp = Node02; __gnu_cxx::_Lock_policy _Lp = __gnu_cxx::_S_atomic][m[Kâ€™
[1.689s] [01m[K/usr/include/c++/11/bits/shared_ptr.h:409:59:[m[K   required from â€˜[01m[Kstd::shared_ptr<_Tp>::shared_ptr(std::_Sp_alloc_shared_tag<_Tp>, _Args&& ...) [with _Alloc = std::allocator<Node02>; _Args = {const char (&)[8]}; _Tp = Node02][m[Kâ€™
[1.689s] [01m[K/usr/include/c++/11/bits/shared_ptr.h:862:14:[m[K   required from â€˜[01m[Kstd::shared_ptr<_Tp> std::allocate_shared(const _Alloc&, _Args&& ...) [with _Tp = Node02; _Alloc = std::allocator<Node02>; _Args = {const char (&)[8]}][m[Kâ€™
[1.689s] [01m[K/usr/include/c++/11/bits/shared_ptr.h:878:39:[m[K   required from â€˜[01m[Kstd::shared_ptr<_Tp> std::make_shared(_Args&& ...) [with _Tp = Node02; _Args = {const char (&)[8]}][m[Kâ€™
[1.689s] [01m[K/home/tianshu/ROS2Introduction/rclcpp_test_ws/src/example_cpp/src/node_02.cpp:16:41:[m[K   required from here
[1.689s] [01m[K/usr/include/c++/11/ext/new_allocator.h:162:11:[m[K [01;31m[Kerror: [m[Kno matching function for call to â€˜[01m[KNode02::Node02(const char [8])[m[Kâ€™
[1.689s]   162 |         { [01;31m[K::new((void *)__p) _Up(std::forward<_Args>(__args)...)[m[K; }
[1.689s]       |           [01;31m[K^~~~~~~~~~~~~~~~~~~~~~~~~~~~~~~~~~~~~~~~~~~~~~~~~~~~~~[m[K
[1.689s] [01m[K/home/tianshu/ROS2Introduction/rclcpp_test_ws/src/example_cpp/src/node_02.cpp:4:7:[m[K [01;36m[Knote: [m[Kcandidate: â€˜[01m[KNode02::Node02()[m[Kâ€™ (deleted)
[1.689s]     4 | class [01;36m[KNode02[m[K: public rclcpp::Node {
[1.689s]       |       [01;36m[K^~~~~~[m[K
[1.691s] [01m[K/home/tianshu/ROS2Introduction/rclcpp_test_ws/src/example_cpp/src/node_02.cpp:4:7:[m[K [01;36m[Knote: [m[K  candidate expects 0 arguments, 1 provided
[1.691s] [01m[K/home/tianshu/ROS2Introduction/rclcpp_test_ws/src/example_cpp/src/node_02.cpp:4:7:[m[K [01;36m[Knote: [m[Kcandidate: â€˜[01m[KNode02::Node02(const Node02&)[m[Kâ€™ (deleted)
[1.691s] [01m[K/home/tianshu/ROS2Introduction/rclcpp_test_ws/src/example_cpp/src/node_02.cpp:4:7:[m[K [01;36m[Knote: [m[K  no known conversion for argument 1 from â€˜[01m[Kconst char [8][m[Kâ€™ to â€˜[01m[Kconst Node02&[m[Kâ€™
[1.691s] [01m[K/home/tianshu/ROS2Introduction/rclcpp_test_ws/src/example_cpp/src/node_02.cpp:4:7:[m[K [01;36m[Knote: [m[Kcandidate: â€˜[01m[KNode02::Node02(Node02&&)[m[Kâ€™ (deleted)
[1.691s] [01m[K/home/tianshu/ROS2Introduction/rclcpp_test_ws/src/example_cpp/src/node_02.cpp:4:7:[m[K [01;36m[Knote: [m[K  no known conversion for argument 1 from â€˜[01m[Kconst char [8][m[Kâ€™ to â€˜[01m[KNode02&&[m[Kâ€™
[1.731s] gmake[2]: *** [CMakeFiles/node_02.dir/build.make:76: CMakeFiles/node_02.dir/src/node_02.cpp.o] Error 1
[1.731s] gmake[1]: *** [CMakeFiles/Makefile2:137: CMakeFiles/node_02.dir/all] Error 2
[1.731s] gmake: *** [Makefile:146: all] Error 2
[1.734s] Invoked command in '/home/tianshu/ROS2Introduction/rclcpp_test_ws/build/example_cpp' returned '2': CMAKE_PREFIX_PATH=${CMAKE_PREFIX_PATH}:/opt/ros/humble CONDA_PROMPT_MODIFIER=(base) WSLENV=ELECTRON_RUN_AS_NODE/w:WT_SESSION::WT_PROFILE_ID /usr/bin/cmake --build /home/tianshu/ROS2Introduction/rclcpp_test_ws/build/example_cpp -- -j20 -l20
